Forge Auto Renaming Tool v2.0.4
lib: C:\Users\chris\MCreatorWorkspaces\FoodExpiryDate\build\moddev\artifacts\forge-1.20.1-47.4.0.jar
lib: C:\Users\chris\.mcreator\gradle\caches\modules-2\files-2.1\cpw.mods\securejarhandler\2.1.10\51e6a22c6c716beb11e244bf5b8be480f51dd6b5\securejarhandler-2.1.10.jar
lib: C:\Users\chris\.mcreator\gradle\caches\modules-2\files-2.1\net.minecraftforge\fmlloader\1.20.1-47.4.0\350292a3c597f65d130e48b6e419a2b21cba2ac1\fmlloader-1.20.1-47.4.0.jar
lib: C:\Users\chris\.mcreator\gradle\caches\modules-2\files-2.1\net.minecraftforge\coremods\5.2.4\e30bab269d896613e38396274711410b3a0e4b87\coremods-5.2.4.jar
lib: C:\Users\chris\.mcreator\gradle\caches\modules-2\files-2.1\cpw.mods\modlauncher\10.0.9\6d9443f56f50bb85cea383686ff9c867391458b\modlauncher-10.0.9.jar
lib: C:\Users\chris\.mcreator\gradle\caches\modules-2\files-2.1\org.openjdk.nashorn\nashorn-core\15.4\f67f5ffaa5f5130cf6fb9b133da00c7df3b532a5\nashorn-core-15.4.jar
lib: C:\Users\chris\.mcreator\gradle\caches\modules-2\files-2.1\org.ow2.asm\asm-commons\9.7.1\406c6a2225cfe1819f102a161e54cc16a5c24f75\asm-commons-9.7.1.jar
lib: C:\Users\chris\.mcreator\gradle\caches\modules-2\files-2.1\org.ow2.asm\asm-util\9.7.1\9e23359b598ec6b74b23e53110dd5c577adf2243\asm-util-9.7.1.jar
lib: C:\Users\chris\.mcreator\gradle\caches\modules-2\files-2.1\org.ow2.asm\asm-analysis\9.7.1\f97a3b319f0ed6a8cd944dc79060d3912a28985f\asm-analysis-9.7.1.jar
lib: C:\Users\chris\.mcreator\gradle\caches\modules-2\files-2.1\org.ow2.asm\asm-tree\9.7.1\3a53139787663b139de76b627fca0084ab60d32c\asm-tree-9.7.1.jar
lib: C:\Users\chris\.mcreator\gradle\caches\modules-2\files-2.1\org.ow2.asm\asm\9.7.1\f0ed132a49244b042cd0e15702ab9f2ce3cc8436\asm-9.7.1.jar
lib: C:\Users\chris\.mcreator\gradle\caches\modules-2\files-2.1\net.minecraftforge\accesstransformers\8.0.4\272d240aa73f42195b2a68e2ebd8b701ecf41f63\accesstransformers-8.0.4.jar
lib: C:\Users\chris\.mcreator\gradle\caches\modules-2\files-2.1\org.antlr\antlr4\4.9.1\e92af8ab33e428461927b484e90bb155a4f3a052\antlr4-4.9.1.jar
lib: C:\Users\chris\.mcreator\gradle\caches\modules-2\files-2.1\org.antlr\antlr4-runtime\4.9.1\428664f05d2b7f7b7610204b5aa7c1763f62011a\antlr4-runtime-4.9.1.jar
lib: C:\Users\chris\.mcreator\gradle\caches\modules-2\files-2.1\net.minecraftforge\fmlcore\1.20.1-47.4.0\235975dafa4309945b59c56b53f31dc5b65a6051\fmlcore-1.20.1-47.4.0.jar
lib: C:\Users\chris\.mcreator\gradle\caches\modules-2\files-2.1\net.minecraftforge\eventbus\6.0.5\699143dd438431d06b57416944f7cedbe52e1475\eventbus-6.0.5.jar
lib: C:\Users\chris\.mcreator\gradle\caches\modules-2\files-2.1\net.minecraftforge\forgespi\7.0.1\3b4972a0cdb135853dba219be61a79b22cff1309\forgespi-7.0.1.jar
lib: C:\Users\chris\.mcreator\gradle\caches\modules-2\files-2.1\net.minecraftforge\unsafe\0.2.0\54d7a0a5e8fdb71b973025caa46f341ae5904f39\unsafe-0.2.0.jar
lib: C:\Users\chris\.mcreator\gradle\caches\modules-2\files-2.1\net.minecraftforge\mergetool\1.1.5\e31dad26696043b540681aabc93e2001a1a2cd44\mergetool-1.1.5.jar
lib: C:\Users\chris\.mcreator\gradle\caches\modules-2\files-2.1\net.minecraftforge\mergetool\1.1.5\f3da18e12c696d35a47c82cbb2cc8b5aa15e1154\mergetool-1.1.5-api.jar
lib: C:\Users\chris\.mcreator\gradle\caches\modules-2\files-2.1\com.electronwill.night-config\toml\3.6.4\51d6cefb2b55ee55ee26b16391212fb2c7dfb4f4\toml-3.6.4.jar
lib: C:\Users\chris\.mcreator\gradle\caches\modules-2\files-2.1\com.electronwill.night-config\core\3.6.4\510f174abbf1c947494db50ef2445683bd52c230\core-3.6.4.jar
lib: C:\Users\chris\.mcreator\gradle\caches\modules-2\files-2.1\net.minecraftforge\JarJarSelector\0.3.19\376cc9c8ea60720cf027c01fc033de915699801c\JarJarSelector-0.3.19.jar
lib: C:\Users\chris\.mcreator\gradle\caches\modules-2\files-2.1\net.minecraftforge\JarJarMetadata\0.3.19\83feaa9b770e6ac0e96ee4fc23fa89325c5fe2\JarJarMetadata-0.3.19.jar
lib: C:\Users\chris\.mcreator\gradle\caches\modules-2\files-2.1\org.apache.maven\maven-artifact\3.8.5\4433f50c07debefaed0553bd0068f4f48d449313\maven-artifact-3.8.5.jar
lib: C:\Users\chris\.mcreator\gradle\caches\modules-2\files-2.1\net.jodah\typetools\0.6.3\a01aaa6ddaea9ec07ec4f209487b7a46a526283a\typetools-0.6.3.jar
lib: C:\Users\chris\.mcreator\gradle\caches\modules-2\files-2.1\net.minecrell\terminalconsoleappender\1.2.0\96d02cd3b384ff015a8fef4223bcb4ccf1717c95\terminalconsoleappender-1.2.0.jar
lib: C:\Users\chris\.mcreator\gradle\caches\modules-2\files-2.1\org.jline\jline-reader\3.12.1\4382ab1382c7b6f379377ed5f665dc2f6e1218bc\jline-reader-3.12.1.jar
lib: C:\Users\chris\.mcreator\gradle\caches\modules-2\files-2.1\org.jline\jline-terminal\3.12.1\c777448314e050d980a6b697c140f3bfe9eb7416\jline-terminal-3.12.1.jar
lib: C:\Users\chris\.mcreator\gradle\caches\modules-2\files-2.1\org.spongepowered\mixin\0.8.5\9d1c0c3a304ae6697ecd477218fa61b850bf57fc\mixin-0.8.5.jar
lib: C:\Users\chris\.mcreator\gradle\caches\modules-2\files-2.1\cpw.mods\bootstraplauncher\1.1.2\c546e00443d8432cda6baa1c860346980742628\bootstraplauncher-1.1.2.jar
lib: C:\Users\chris\.mcreator\gradle\caches\modules-2\files-2.1\net.minecraftforge\JarJarFileSystems\0.3.19\2464eb7d6b9ddb9db36a82cf8a95193e5c6fe020\JarJarFileSystems-0.3.19.jar
lib: C:\Users\chris\.mcreator\gradle\caches\modules-2\files-2.1\net.minecraftforge\fmlearlydisplay\1.20.1-47.4.0\5a0c2d1a65a422bd0e64548e58b70f4d011ef788\fmlearlydisplay-1.20.1-47.4.0.jar
lib: C:\Users\chris\.mcreator\gradle\caches\modules-2\files-2.1\net.minecraftforge\javafmllanguage\1.20.1-47.4.0\f0c0b352173d0a378cbdcec9cfc4ba65899a721\javafmllanguage-1.20.1-47.4.0.jar
lib: C:\Users\chris\.mcreator\gradle\caches\modules-2\files-2.1\net.minecraftforge\lowcodelanguage\1.20.1-47.4.0\e862740d8c84d08dbfedea412bef88fe42e727c5\lowcodelanguage-1.20.1-47.4.0.jar
lib: C:\Users\chris\.mcreator\gradle\caches\modules-2\files-2.1\net.minecraftforge\mclanguage\1.20.1-47.4.0\5719b3a297a33f877ed5dde4cb4bd75c859096af\mclanguage-1.20.1-47.4.0.jar
lib: C:\Users\chris\.mcreator\gradle\caches\modules-2\resources-2.1\38\c7d29380ddb38becad7c0819b5b325e43bca23f0\mcp_config-1.20.1.zip
lib: C:\Users\chris\.mcreator\gradle\caches\modules-2\files-2.1\org.codehaus.plexus\plexus-utils\3.3.0\cf43b5391de623b36fe066a21127baef82c64022\plexus-utils-3.3.0.jar
lib: C:\Users\chris\.mcreator\gradle\caches\modules-2\files-2.1\org.apache.commons\commons-lang3\3.12.0\c6842c86792ff03b9f1d1fe2aab8dc23aa6c6f0e\commons-lang3-3.12.0.jar
lib: C:\Users\chris\.mcreator\gradle\caches\modules-2\files-2.1\org.apache.logging.log4j\log4j-core\2.8.1\4ac28ff2f1ddf05dae3043a190451e8c46b73c31\log4j-core-2.8.1.jar
lib: C:\Users\chris\.mcreator\gradle\caches\modules-2\files-2.1\com.google.code.gson\gson\2.10\dd9b193aef96e973d5a11ab13cd17430c2e4306b\gson-2.10.jar
lib: C:\Users\chris\.mcreator\gradle\caches\modules-2\files-2.1\com.google.guava\guava\31.1-jre\60458f877d055d0c9114d9e1a2efb737b4bc282c\guava-31.1-jre.jar
lib: C:\Users\chris\.mcreator\gradle\caches\modules-2\files-2.1\com.machinezoo.noexception\noexception\1.7.1\b65330c98e38a1f915fa54a6e5eca496505e3f0a\noexception-1.7.1.jar
lib: C:\Users\chris\.mcreator\gradle\caches\modules-2\files-2.1\org.slf4j\slf4j-api\1.8.0-beta4\83b0359d847ee053d745be7ec0d8e9e8a44304b4\slf4j-api-1.8.0-beta4.jar
lib: C:\Users\chris\.mcreator\gradle\caches\modules-2\files-2.1\org.apache.logging.log4j\log4j-api\2.19.0\ea1b37f38c327596b216542bc636cfdc0b8036fa\log4j-api-2.19.0.jar
lib: C:\Users\chris\.mcreator\gradle\caches\modules-2\files-2.1\com.mojang\logging\1.1.1\832b8e6674a9b325a5175a3a6267dfaf34c85139\logging-1.1.1.jar
lib: C:\Users\chris\.mcreator\gradle\caches\modules-2\files-2.1\com.github.oshi\oshi-core\6.2.2\54f5efc19bca95d709d9a37d19ffcbba3d21c1a6\oshi-core-6.2.2.jar
lib: C:\Users\chris\.mcreator\gradle\caches\modules-2\files-2.1\com.google.guava\failureaccess\1.0.1\1dcf1de382a0bf95a3d8b0849546c88bac1292c9\failureaccess-1.0.1.jar
lib: C:\Users\chris\.mcreator\gradle\caches\modules-2\files-2.1\com.ibm.icu\icu4j\61.1\28d33b5e44e72edcc66a5da7a34a42147f38d987\icu4j-61.1.jar
lib: C:\Users\chris\.mcreator\gradle\caches\modules-2\files-2.1\com.mojang\authlib\4.0.43\2ff9d747a77570a07a60d32ac77eb6162ad2a2d9\authlib-4.0.43.jar
lib: C:\Users\chris\.mcreator\gradle\caches\modules-2\files-2.1\com.mojang\blocklist\1.0.10\5c685c5ffa94c4cd39496c7184c1d122e515ecef\blocklist-1.0.10.jar
lib: C:\Users\chris\.mcreator\gradle\caches\modules-2\files-2.1\com.mojang\brigadier\1.1.8\5244ce82c3337bba4a196a3ce858bfaecc74404a\brigadier-1.1.8.jar
lib: C:\Users\chris\.mcreator\gradle\caches\modules-2\files-2.1\com.mojang\datafixerupper\6.0.8\3ba4a30557a9b057760af4011f909ba619fc5125\datafixerupper-6.0.8.jar
lib: C:\Users\chris\.mcreator\gradle\caches\modules-2\files-2.1\com.mojang\patchy\2.2.10\da05971b07cbb379d002cf7eaec6a2048211fefc\patchy-2.2.10.jar
lib: C:\Users\chris\.mcreator\gradle\caches\modules-2\files-2.1\com.mojang\text2speech\1.17.9\3cad216e3a7f0c19b4b394388bc9ffc446f13b14\text2speech-1.17.9.jar
lib: C:\Users\chris\.mcreator\gradle\caches\modules-2\files-2.1\commons-codec\commons-codec\1.15\49d94806b6e3dc933dacbd8acb0fdbab8ebd1e5d\commons-codec-1.15.jar
lib: C:\Users\chris\.mcreator\gradle\caches\modules-2\files-2.1\commons-io\commons-io\2.11.0\a2503f302b11ebde7ebc3df41daebe0e4eea3689\commons-io-2.11.0.jar
lib: C:\Users\chris\.mcreator\gradle\caches\modules-2\files-2.1\commons-logging\commons-logging\1.2\4bfc12adfe4842bf07b657f0369c4cb522955686\commons-logging-1.2.jar
lib: C:\Users\chris\.mcreator\gradle\caches\modules-2\files-2.1\io.netty\netty-buffer\4.1.82.Final\a544270cf1ae8b8077082f5036436a9a9971ea71\netty-buffer-4.1.82.Final.jar
lib: C:\Users\chris\.mcreator\gradle\caches\modules-2\files-2.1\io.netty\netty-codec\4.1.82.Final\b77200379acb345a9ffdece1c605e591ac3e4e0a\netty-codec-4.1.82.Final.jar
lib: C:\Users\chris\.mcreator\gradle\caches\modules-2\files-2.1\io.netty\netty-common\4.1.82.Final\22d148e85c3f5ebdacc0ce1f5aabb1d420f73f3\netty-common-4.1.82.Final.jar
lib: C:\Users\chris\.mcreator\gradle\caches\modules-2\files-2.1\io.netty\netty-handler\4.1.82.Final\644041d1fa96a5d3130a29e8978630d716d76e38\netty-handler-4.1.82.Final.jar
lib: C:\Users\chris\.mcreator\gradle\caches\modules-2\files-2.1\io.netty\netty-resolver\4.1.82.Final\38f665ae8dcd29032eea31245ba7806bed2e0fa8\netty-resolver-4.1.82.Final.jar
lib: C:\Users\chris\.mcreator\gradle\caches\modules-2\files-2.1\io.netty\netty-transport-classes-epoll\4.1.82.Final\e7c7dd18deac93105797f30057c912651ea76521\netty-transport-classes-epoll-4.1.82.Final.jar
lib: C:\Users\chris\.mcreator\gradle\caches\modules-2\files-2.1\io.netty\netty-transport-native-unix-common\4.1.82.Final\3e895b35ca1b8a0eca56cacff4c2dde5d2c6abce\netty-transport-native-unix-common-4.1.82.Final.jar
lib: C:\Users\chris\.mcreator\gradle\caches\modules-2\files-2.1\io.netty\netty-transport\4.1.82.Final\e431a218d91acb6476ccad5f5aafde50aa3945ca\netty-transport-4.1.82.Final.jar
lib: C:\Users\chris\.mcreator\gradle\caches\modules-2\files-2.1\it.unimi.dsi\fastutil\8.5.9\bb7ea75ecdb216654237830b3a96d87ad91f8cc5\fastutil-8.5.9.jar
lib: C:\Users\chris\.mcreator\gradle\caches\modules-2\files-2.1\net.java.dev.jna\jna-platform\5.12.1\97406a297c852f4a41e688a176ec675f72e8329\jna-platform-5.12.1.jar
lib: C:\Users\chris\.mcreator\gradle\caches\modules-2\files-2.1\net.java.dev.jna\jna\5.12.1\b1e93a735caea94f503e95e6fe79bf9cdc1e985d\jna-5.12.1.jar
lib: C:\Users\chris\.mcreator\gradle\caches\modules-2\files-2.1\net.sf.jopt-simple\jopt-simple\5.0.4\4fdac2fbe92dfad86aa6e9301736f6b4342a3f5c\jopt-simple-5.0.4.jar
lib: C:\Users\chris\.mcreator\gradle\caches\modules-2\files-2.1\org.apache.commons\commons-compress\1.21\4ec95b60d4e86b5c95a0e919cb172a0af98011ef\commons-compress-1.21.jar
lib: C:\Users\chris\.mcreator\gradle\caches\modules-2\files-2.1\org.apache.httpcomponents\httpclient\4.5.13\e5f6cae5ca7ecaac1ec2827a9e2d65ae2869cada\httpclient-4.5.13.jar
lib: C:\Users\chris\.mcreator\gradle\caches\modules-2\files-2.1\org.apache.httpcomponents\httpcore\4.4.15\7f2e0c573eaa7a74bac2e89b359e1f73d92a0a1d\httpcore-4.4.15.jar
lib: C:\Users\chris\.mcreator\gradle\caches\modules-2\files-2.1\org.apache.logging.log4j\log4j-slf4j2-impl\2.19.0\5c04bfdd63ce9dceb2e284b81e96b6a70010ee10\log4j-slf4j2-impl-2.19.0.jar
lib: C:\Users\chris\.mcreator\gradle\caches\modules-2\files-2.1\org.joml\joml\1.10.5\22566d58af70ad3d72308bab63b8339906deb649\joml-1.10.5.jar
lib: C:\Users\chris\.mcreator\gradle\caches\modules-2\files-2.1\org.lwjgl\lwjgl-glfw\3.3.1\cbac1b8d30cb4795149c1ef540f912671a8616d0\lwjgl-glfw-3.3.1.jar
lib: C:\Users\chris\.mcreator\gradle\caches\modules-2\files-2.1\org.lwjgl\lwjgl-jemalloc\3.3.1\a817bcf213db49f710603677457567c37d53e103\lwjgl-jemalloc-3.3.1.jar
lib: C:\Users\chris\.mcreator\gradle\caches\modules-2\files-2.1\org.lwjgl\lwjgl-openal\3.3.1\2623a6b8ae1dfcd880738656a9f0243d2e6840bd\lwjgl-openal-3.3.1.jar
lib: C:\Users\chris\.mcreator\gradle\caches\modules-2\files-2.1\org.lwjgl\lwjgl-opengl\3.3.1\831a5533a21a5f4f81bbc51bb13e9899319b5411\lwjgl-opengl-3.3.1.jar
lib: C:\Users\chris\.mcreator\gradle\caches\modules-2\files-2.1\org.lwjgl\lwjgl-stb\3.3.1\b119297cf8ed01f247abe8685857f8e7fcf5980f\lwjgl-stb-3.3.1.jar
lib: C:\Users\chris\.mcreator\gradle\caches\modules-2\files-2.1\org.lwjgl\lwjgl-tinyfd\3.3.1\ff1914111ef2e3e0110ef2dabc8d8cdaad82347\lwjgl-tinyfd-3.3.1.jar
lib: C:\Users\chris\.mcreator\gradle\caches\modules-2\files-2.1\org.lwjgl\lwjgl\3.3.1\ae58664f88e18a9bb2c77b063833ca7aaec484cb\lwjgl-3.3.1.jar
lib: C:\Users\chris\.mcreator\gradle\caches\modules-2\files-2.1\ca.weblite\java-objc-bridge\1.1\1227f9e0666314f9de41477e3ec277e542ed7f7b\java-objc-bridge-1.1.jar
lib: C:\Users\chris\.mcreator\gradle\caches\modules-2\files-2.1\org.antlr\ST4\4.3\92f2c1ad8d84abcbeead6cf7f2c53a04166293c2\ST4-4.3.jar
lib: C:\Users\chris\.mcreator\gradle\caches\modules-2\files-2.1\org.antlr\antlr-runtime\3.5.2\cd9cd41361c155f3af0f653009dcecb08d8b4afd\antlr-runtime-3.5.2.jar
lib: C:\Users\chris\.mcreator\gradle\caches\modules-2\files-2.1\org.abego.treelayout\org.abego.treelayout.core\1.0.3\457216e8e6578099ae63667bb1e4439235892028\org.abego.treelayout.core-1.0.3.jar
lib: C:\Users\chris\.mcreator\gradle\caches\modules-2\files-2.1\org.glassfish\javax.json\1.0.4\3178f73569fd7a1e5ffc464e680f7a8cc784b85a\javax.json-1.0.4.jar
lib: C:\Users\chris\.mcreator\gradle\caches\modules-2\files-2.1\com.google.guava\listenablefuture\9999.0-empty-to-avoid-conflict-with-guava\b421526c5f297295adef1c886e5246c39d4ac629\listenablefuture-9999.0-empty-to-avoid-conflict-with-guava.jar
lib: C:\Users\chris\.mcreator\gradle\caches\modules-2\files-2.1\com.google.code.findbugs\jsr305\3.0.2\25ea2e8b0c338a877313bd4672d3fe056ea78f0d\jsr305-3.0.2.jar
lib: C:\Users\chris\.mcreator\gradle\caches\modules-2\files-2.1\org.checkerframework\checker-qual\3.12.0\d5692f0526415fcc6de94bb5bfbd3afd9dd3b3e5\checker-qual-3.12.0.jar
lib: C:\Users\chris\.mcreator\gradle\caches\modules-2\files-2.1\com.google.errorprone\error_prone_annotations\2.11.0\c5a0ace696d3f8b1c1d8cc036d8c03cc0cbe6b69\error_prone_annotations-2.11.0.jar
lib: C:\Users\chris\.mcreator\gradle\caches\modules-2\files-2.1\com.google.j2objc\j2objc-annotations\1.3\ba035118bc8bac37d7eff77700720999acd9986d\j2objc-annotations-1.3.jar
log: null
input: C:\Users\chris\MCreatorWorkspaces\FoodExpiryDate\build\devlibs\modid-1.0.jar
output: C:\Users\chris\MCreatorWorkspaces\FoodExpiryDate\build\libs\modid-1.0.jar
threads: 32
Names: C:\Users\chris\MCreatorWorkspaces\FoodExpiryDate\build\moddev\artifacts\namedToIntermediate.tsrg(reversed: false)
Fix Annotations: false
Unfinal Parameters: false
Fix Records: false
Fix Identifiers: false
Fix SourceFile: false
Fix Line Numbers: false
Strip codesigning signatures: ALL
Adding Libraries to Inheritance
Reading Input: C:\Users\chris\MCreatorWorkspaces\FoodExpiryDate\build\devlibs\modid-1.0.jar
Adding input to inheritance map
Processing entries
Conflicting propagated mapping for net/mcreator/foodexpirydate/ExpiryData/save(Lnet/minecraft/nbt/CompoundTag;)Lnet/minecraft/nbt/CompoundTag; from net/minecraft/world/level/saveddata/SavedData/save(Lnet/minecraft/nbt/CompoundTag;)Lnet/minecraft/nbt/CompoundTag;: save -> m_7176_
Conflicting propagated mapping for net/mcreator/foodexpirydate/block/FreezerBlock$1/createMenu(ILnet/minecraft/world/entity/player/Inventory;Lnet/minecraft/world/entity/player/Player;)Lnet/minecraft/world/inventory/AbstractContainerMenu; from net/minecraft/world/inventory/MenuConstructor/createMenu(ILnet/minecraft/world/entity/player/Inventory;Lnet/minecraft/world/entity/player/Player;)Lnet/minecraft/world/inventory/AbstractContainerMenu;: createMenu -> m_7208_
Conflicting propagated mapping for net/mcreator/foodexpirydate/block/FoodDryingRackBlock$1/createMenu(ILnet/minecraft/world/entity/player/Inventory;Lnet/minecraft/world/entity/player/Player;)Lnet/minecraft/world/inventory/AbstractContainerMenu; from net/minecraft/world/inventory/MenuConstructor/createMenu(ILnet/minecraft/world/entity/player/Inventory;Lnet/minecraft/world/entity/player/Player;)Lnet/minecraft/world/inventory/AbstractContainerMenu;: createMenu -> m_7208_
Conflicting propagated mapping for net/mcreator/foodexpirydate/block/FreezerBlock$1/getDisplayName()Lnet/minecraft/network/chat/Component; from net/minecraft/world/MenuProvider/getDisplayName()Lnet/minecraft/network/chat/Component;: getDisplayName -> m_5446_
Conflicting propagated mapping for net/mcreator/foodexpirydate/block/FoodDryingRackBlock$1/getDisplayName()Lnet/minecraft/network/chat/Component; from net/minecraft/world/MenuProvider/getDisplayName()Lnet/minecraft/network/chat/Component;: getDisplayName -> m_5446_
Conflicting propagated mapping for net/mcreator/foodexpirydate/client/gui/FoodDryingRackGUIScreen/keyPressed(III)Z from net/minecraft/client/gui/screens/inventory/AbstractContainerScreen/keyPressed(III)Z: keyPressed -> m_7933_
Conflicting propagated mapping for net/mcreator/foodexpirydate/client/gui/FreezerGUIScreen/keyPressed(III)Z from net/minecraft/client/gui/screens/inventory/AbstractContainerScreen/keyPressed(III)Z: keyPressed -> m_7933_
Conflicting propagated mapping for net/mcreator/foodexpirydate/client/gui/FreezerGUIScreen/render(Lnet/minecraft/client/gui/GuiGraphics;IIF)V from net/minecraft/client/gui/screens/inventory/AbstractContainerScreen/render(Lnet/minecraft/client/gui/GuiGraphics;IIF)V: render -> m_88315_
Conflicting propagated mapping for net/mcreator/foodexpirydate/client/gui/FreezerGUIScreen/init()V from net/minecraft/client/gui/screens/inventory/AbstractContainerScreen/init()V: init -> m_7856_
Conflicting propagated mapping for net/mcreator/foodexpirydate/client/gui/FoodDryingRackGUIScreen/render(Lnet/minecraft/client/gui/GuiGraphics;IIF)V from net/minecraft/client/gui/screens/inventory/AbstractContainerScreen/render(Lnet/minecraft/client/gui/GuiGraphics;IIF)V: render -> m_88315_
Conflicting propagated mapping for net/mcreator/foodexpirydate/client/gui/FreezerGUIScreen/renderLabels(Lnet/minecraft/client/gui/GuiGraphics;II)V from net/minecraft/client/gui/screens/inventory/AbstractContainerScreen/renderLabels(Lnet/minecraft/client/gui/GuiGraphics;II)V: renderLabels -> m_280003_
Conflicting propagated mapping for net/mcreator/foodexpirydate/client/gui/FoodDryingRackGUIScreen/init()V from net/minecraft/client/gui/screens/inventory/AbstractContainerScreen/init()V: init -> m_7856_
Conflicting propagated mapping for net/mcreator/foodexpirydate/client/gui/FreezerGUIScreen/renderBg(Lnet/minecraft/client/gui/GuiGraphics;FII)V from net/minecraft/client/gui/screens/inventory/AbstractContainerScreen/renderBg(Lnet/minecraft/client/gui/GuiGraphics;FII)V: renderBg -> m_7286_
Conflicting propagated mapping for net/mcreator/foodexpirydate/client/gui/FoodDryingRackGUIScreen/renderLabels(Lnet/minecraft/client/gui/GuiGraphics;II)V from net/minecraft/client/gui/screens/inventory/AbstractContainerScreen/renderLabels(Lnet/minecraft/client/gui/GuiGraphics;II)V: renderLabels -> m_280003_
Conflicting propagated mapping for net/mcreator/foodexpirydate/client/gui/FoodDryingRackGUIScreen/renderBg(Lnet/minecraft/client/gui/GuiGraphics;FII)V from net/minecraft/client/gui/screens/inventory/AbstractContainerScreen/renderBg(Lnet/minecraft/client/gui/GuiGraphics;FII)V: renderBg -> m_7286_
Conflicting propagated mapping for net/mcreator/foodexpirydate/block/MoldyBlockBlock/getVisualShape(Lnet/minecraft/world/level/block/state/BlockState;Lnet/minecraft/world/level/BlockGetter;Lnet/minecraft/core/BlockPos;Lnet/minecraft/world/phys/shapes/CollisionContext;)Lnet/minecraft/world/phys/shapes/VoxelShape; from net/minecraft/world/level/block/state/BlockBehaviour/getVisualShape(Lnet/minecraft/world/level/block/state/BlockState;Lnet/minecraft/world/level/BlockGetter;Lnet/minecraft/core/BlockPos;Lnet/minecraft/world/phys/shapes/CollisionContext;)Lnet/minecraft/world/phys/shapes/VoxelShape;: getVisualShape -> m_5909_
Conflicting propagated mapping for net/mcreator/foodexpirydate/block/MoldyBlockBlock/propagatesSkylightDown(Lnet/minecraft/world/level/block/state/BlockState;Lnet/minecraft/world/level/BlockGetter;Lnet/minecraft/core/BlockPos;)Z from net/minecraft/world/level/block/Block/propagatesSkylightDown(Lnet/minecraft/world/level/block/state/BlockState;Lnet/minecraft/world/level/BlockGetter;Lnet/minecraft/core/BlockPos;)Z: propagatesSkylightDown -> m_7420_
Conflicting propagated mapping for net/mcreator/foodexpirydate/block/MoldyBlockBlock/getLightBlock(Lnet/minecraft/world/level/block/state/BlockState;Lnet/minecraft/world/level/BlockGetter;Lnet/minecraft/core/BlockPos;)I from net/minecraft/world/level/block/state/BlockBehaviour/getLightBlock(Lnet/minecraft/world/level/block/state/BlockState;Lnet/minecraft/world/level/BlockGetter;Lnet/minecraft/core/BlockPos;)I: getLightBlock -> m_7753_
Conflicting propagated mapping for net/mcreator/foodexpirydate/block/FoodDryingRackBlock/onRemove(Lnet/minecraft/world/level/block/state/BlockState;Lnet/minecraft/world/level/Level;Lnet/minecraft/core/BlockPos;Lnet/minecraft/world/level/block/state/BlockState;Z)V from net/minecraft/world/level/block/state/BlockBehaviour/onRemove(Lnet/minecraft/world/level/block/state/BlockState;Lnet/minecraft/world/level/Level;Lnet/minecraft/core/BlockPos;Lnet/minecraft/world/level/block/state/BlockState;Z)V: onRemove -> m_6810_
Conflicting propagated mapping for net/mcreator/foodexpirydate/block/FoodDryingRackBlock/rotate(Lnet/minecraft/world/level/block/state/BlockState;Lnet/minecraft/world/level/block/Rotation;)Lnet/minecraft/world/level/block/state/BlockState; from net/minecraft/world/level/block/state/BlockBehaviour/rotate(Lnet/minecraft/world/level/block/state/BlockState;Lnet/minecraft/world/level/block/Rotation;)Lnet/minecraft/world/level/block/state/BlockState;: rotate -> m_6843_
Conflicting propagated mapping for net/mcreator/foodexpirydate/block/FoodDryingRackBlock/triggerEvent(Lnet/minecraft/world/level/block/state/BlockState;Lnet/minecraft/world/level/Level;Lnet/minecraft/core/BlockPos;II)Z from net/minecraft/world/level/block/state/BlockBehaviour/triggerEvent(Lnet/minecraft/world/level/block/state/BlockState;Lnet/minecraft/world/level/Level;Lnet/minecraft/core/BlockPos;II)Z: triggerEvent -> m_8133_
Conflicting propagated mapping for net/mcreator/foodexpirydate/block/FoodDryingRackBlock/getStateForPlacement(Lnet/minecraft/world/item/context/BlockPlaceContext;)Lnet/minecraft/world/level/block/state/BlockState; from net/minecraft/world/level/block/Block/getStateForPlacement(Lnet/minecraft/world/item/context/BlockPlaceContext;)Lnet/minecraft/world/level/block/state/BlockState;: getStateForPlacement -> m_5573_
Conflicting propagated mapping for net/mcreator/foodexpirydate/block/FoodDryingRackBlock/getVisualShape(Lnet/minecraft/world/level/block/state/BlockState;Lnet/minecraft/world/level/BlockGetter;Lnet/minecraft/core/BlockPos;Lnet/minecraft/world/phys/shapes/CollisionContext;)Lnet/minecraft/world/phys/shapes/VoxelShape; from net/minecraft/world/level/block/state/BlockBehaviour/getVisualShape(Lnet/minecraft/world/level/block/state/BlockState;Lnet/minecraft/world/level/BlockGetter;Lnet/minecraft/core/BlockPos;Lnet/minecraft/world/phys/shapes/CollisionContext;)Lnet/minecraft/world/phys/shapes/VoxelShape;: getVisualShape -> m_5909_
Conflicting propagated mapping for net/mcreator/foodexpirydate/block/FoodDryingRackBlock/propagatesSkylightDown(Lnet/minecraft/world/level/block/state/BlockState;Lnet/minecraft/world/level/BlockGetter;Lnet/minecraft/core/BlockPos;)Z from net/minecraft/world/level/block/Block/propagatesSkylightDown(Lnet/minecraft/world/level/block/state/BlockState;Lnet/minecraft/world/level/BlockGetter;Lnet/minecraft/core/BlockPos;)Z: propagatesSkylightDown -> m_7420_
Conflicting propagated mapping for net/mcreator/foodexpirydate/block/FoodDryingRackBlock/tick(Lnet/minecraft/world/level/block/state/BlockState;Lnet/minecraft/server/level/ServerLevel;Lnet/minecraft/core/BlockPos;Lnet/minecraft/util/RandomSource;)V from net/minecraft/world/level/block/state/BlockBehaviour/tick(Lnet/minecraft/world/level/block/state/BlockState;Lnet/minecraft/server/level/ServerLevel;Lnet/minecraft/core/BlockPos;Lnet/minecraft/util/RandomSource;)V: tick -> m_213897_
Conflicting propagated mapping for net/mcreator/foodexpirydate/block/FoodDryingRackBlock/getMenuProvider(Lnet/minecraft/world/level/block/state/BlockState;Lnet/minecraft/world/level/Level;Lnet/minecraft/core/BlockPos;)Lnet/minecraft/world/MenuProvider; from net/minecraft/world/level/block/state/BlockBehaviour/getMenuProvider(Lnet/minecraft/world/level/block/state/BlockState;Lnet/minecraft/world/level/Level;Lnet/minecraft/core/BlockPos;)Lnet/minecraft/world/MenuProvider;: getMenuProvider -> m_7246_
Conflicting propagated mapping for net/mcreator/foodexpirydate/block/FoodDryingRackBlock/getAnalogOutputSignal(Lnet/minecraft/world/level/block/state/BlockState;Lnet/minecraft/world/level/Level;Lnet/minecraft/core/BlockPos;)I from net/minecraft/world/level/block/state/BlockBehaviour/getAnalogOutputSignal(Lnet/minecraft/world/level/block/state/BlockState;Lnet/minecraft/world/level/Level;Lnet/minecraft/core/BlockPos;)I: getAnalogOutputSignal -> m_6782_
Conflicting propagated mapping for net/mcreator/foodexpirydate/block/FoodDryingRackBlock/mirror(Lnet/minecraft/world/level/block/state/BlockState;Lnet/minecraft/world/level/block/Mirror;)Lnet/minecraft/world/level/block/state/BlockState; from net/minecraft/world/level/block/state/BlockBehaviour/mirror(Lnet/minecraft/world/level/block/state/BlockState;Lnet/minecraft/world/level/block/Mirror;)Lnet/minecraft/world/level/block/state/BlockState;: mirror -> m_6943_
Conflicting propagated mapping for net/mcreator/foodexpirydate/block/FoodDryingRackBlock/getLightBlock(Lnet/minecraft/world/level/block/state/BlockState;Lnet/minecraft/world/level/BlockGetter;Lnet/minecraft/core/BlockPos;)I from net/minecraft/world/level/block/state/BlockBehaviour/getLightBlock(Lnet/minecraft/world/level/block/state/BlockState;Lnet/minecraft/world/level/BlockGetter;Lnet/minecraft/core/BlockPos;)I: getLightBlock -> m_7753_
Conflicting propagated mapping for net/mcreator/foodexpirydate/block/entity/FreezerBlockEntity/getUpdateTag()Lnet/minecraft/nbt/CompoundTag; from net/minecraft/world/level/block/entity/BlockEntity/getUpdateTag()Lnet/minecraft/nbt/CompoundTag;: getUpdateTag -> m_5995_
Conflicting propagated mapping for net/mcreator/foodexpirydate/block/entity/FoodDryingRackBlockEntity/getUpdateTag()Lnet/minecraft/nbt/CompoundTag; from net/minecraft/world/level/block/entity/BlockEntity/getUpdateTag()Lnet/minecraft/nbt/CompoundTag;: getUpdateTag -> m_5995_
Conflicting propagated mapping for net/mcreator/foodexpirydate/item/MoldyMilkItem/getUseAnimation(Lnet/minecraft/world/item/ItemStack;)Lnet/minecraft/world/item/UseAnim; from net/minecraft/world/item/Item/getUseAnimation(Lnet/minecraft/world/item/ItemStack;)Lnet/minecraft/world/item/UseAnim;: getUseAnimation -> m_6164_
Conflicting propagated mapping for net/mcreator/foodexpirydate/block/entity/FreezerBlockEntity/load(Lnet/minecraft/nbt/CompoundTag;)V from net/minecraft/world/level/block/entity/BaseContainerBlockEntity/load(Lnet/minecraft/nbt/CompoundTag;)V: load -> m_142466_
Conflicting propagated mapping for net/mcreator/foodexpirydate/block/entity/FoodDryingRackBlockEntity/load(Lnet/minecraft/nbt/CompoundTag;)V from net/minecraft/world/level/block/entity/BaseContainerBlockEntity/load(Lnet/minecraft/nbt/CompoundTag;)V: load -> m_142466_
Conflicting propagated mapping for net/mcreator/foodexpirydate/block/entity/FoodDryingRackBlockEntity/isEmpty()Z from net/minecraft/world/level/block/entity/RandomizableContainerBlockEntity/isEmpty()Z: isEmpty -> m_7983_
Conflicting propagated mapping for net/mcreator/foodexpirydate/block/entity/FoodDryingRackBlockEntity/setChanged()V from net/minecraft/world/level/block/entity/BlockEntity/setChanged()V: setChanged -> m_6596_
Conflicting propagated mapping for net/mcreator/foodexpirydate/block/FoodDryingRackBlock/hasAnalogOutputSignal(Lnet/minecraft/world/level/block/state/BlockState;)Z from net/minecraft/world/level/block/state/BlockBehaviour/hasAnalogOutputSignal(Lnet/minecraft/world/level/block/state/BlockState;)Z: hasAnalogOutputSignal -> m_7278_
Conflicting propagated mapping for net/mcreator/foodexpirydate/item/MoldyMilkItem/use(Lnet/minecraft/world/level/Level;Lnet/minecraft/world/entity/player/Player;Lnet/minecraft/world/InteractionHand;)Lnet/minecraft/world/InteractionResultHolder; from net/minecraft/world/item/Item/use(Lnet/minecraft/world/level/Level;Lnet/minecraft/world/entity/player/Player;Lnet/minecraft/world/InteractionHand;)Lnet/minecraft/world/InteractionResultHolder;: use -> m_7203_
Conflicting propagated mapping for net/mcreator/foodexpirydate/block/entity/FreezerBlockEntity/isEmpty()Z from net/minecraft/world/level/block/entity/RandomizableContainerBlockEntity/isEmpty()Z: isEmpty -> m_7983_
Conflicting propagated mapping for net/mcreator/foodexpirydate/block/FoodDryingRackBlock/createBlockStateDefinition(Lnet/minecraft/world/level/block/state/StateDefinition$Builder;)V from net/minecraft/world/level/block/Block/createBlockStateDefinition(Lnet/minecraft/world/level/block/state/StateDefinition$Builder;)V: createBlockStateDefinition -> m_7926_
Conflicting propagated mapping for net/mcreator/foodexpirydate/block/entity/FoodDryingRackBlockEntity/getUpdatePacket()Lnet/minecraft/network/protocol/Packet; from net/minecraft/world/level/block/entity/BlockEntity/getUpdatePacket()Lnet/minecraft/network/protocol/Packet;: getUpdatePacket -> m_58483_
Conflicting propagated mapping for net/mcreator/foodexpirydate/item/MoldyFoodItem/finishUsingItem(Lnet/minecraft/world/item/ItemStack;Lnet/minecraft/world/level/Level;Lnet/minecraft/world/entity/LivingEntity;)Lnet/minecraft/world/item/ItemStack; from net/minecraft/world/item/Item/finishUsingItem(Lnet/minecraft/world/item/ItemStack;Lnet/minecraft/world/level/Level;Lnet/minecraft/world/entity/LivingEntity;)Lnet/minecraft/world/item/ItemStack;: finishUsingItem -> m_5922_
Conflicting propagated mapping for net/mcreator/foodexpirydate/block/entity/FreezerBlockEntity/getUpdatePacket()Lnet/minecraft/network/protocol/Packet; from net/minecraft/world/level/block/entity/BlockEntity/getUpdatePacket()Lnet/minecraft/network/protocol/Packet;: getUpdatePacket -> m_58483_
Conflicting propagated mapping for net/mcreator/foodexpirydate/block/entity/FoodDryingRackBlockEntity/saveAdditional(Lnet/minecraft/nbt/CompoundTag;)V from net/minecraft/world/level/block/entity/BaseContainerBlockEntity/saveAdditional(Lnet/minecraft/nbt/CompoundTag;)V: saveAdditional -> m_183515_
Conflicting propagated mapping for net/mcreator/foodexpirydate/block/FreezerBlock/onRemove(Lnet/minecraft/world/level/block/state/BlockState;Lnet/minecraft/world/level/Level;Lnet/minecraft/core/BlockPos;Lnet/minecraft/world/level/block/state/BlockState;Z)V from net/minecraft/world/level/block/state/BlockBehaviour/onRemove(Lnet/minecraft/world/level/block/state/BlockState;Lnet/minecraft/world/level/Level;Lnet/minecraft/core/BlockPos;Lnet/minecraft/world/level/block/state/BlockState;Z)V: onRemove -> m_6810_
Conflicting propagated mapping for net/mcreator/foodexpirydate/item/MoldyMilkItem/finishUsingItem(Lnet/minecraft/world/item/ItemStack;Lnet/minecraft/world/level/Level;Lnet/minecraft/world/entity/LivingEntity;)Lnet/minecraft/world/item/ItemStack; from net/minecraft/world/item/Item/finishUsingItem(Lnet/minecraft/world/item/ItemStack;Lnet/minecraft/world/level/Level;Lnet/minecraft/world/entity/LivingEntity;)Lnet/minecraft/world/item/ItemStack;: finishUsingItem -> m_5922_
Conflicting propagated mapping for net/mcreator/foodexpirydate/block/entity/FoodDryingRackBlockEntity/canPlaceItem(ILnet/minecraft/world/item/ItemStack;)Z from net/minecraft/world/Container/canPlaceItem(ILnet/minecraft/world/item/ItemStack;)Z: canPlaceItem -> m_7013_
Conflicting propagated mapping for net/mcreator/foodexpirydate/block/entity/FreezerBlockEntity/saveAdditional(Lnet/minecraft/nbt/CompoundTag;)V from net/minecraft/world/level/block/entity/BaseContainerBlockEntity/saveAdditional(Lnet/minecraft/nbt/CompoundTag;)V: saveAdditional -> m_183515_
Conflicting propagated mapping for net/mcreator/foodexpirydate/block/FreezerBlock/rotate(Lnet/minecraft/world/level/block/state/BlockState;Lnet/minecraft/world/level/block/Rotation;)Lnet/minecraft/world/level/block/state/BlockState; from net/minecraft/world/level/block/state/BlockBehaviour/rotate(Lnet/minecraft/world/level/block/state/BlockState;Lnet/minecraft/world/level/block/Rotation;)Lnet/minecraft/world/level/block/state/BlockState;: rotate -> m_6843_
Conflicting propagated mapping for net/mcreator/foodexpirydate/block/FreezerBlock/triggerEvent(Lnet/minecraft/world/level/block/state/BlockState;Lnet/minecraft/world/level/Level;Lnet/minecraft/core/BlockPos;II)Z from net/minecraft/world/level/block/state/BlockBehaviour/triggerEvent(Lnet/minecraft/world/level/block/state/BlockState;Lnet/minecraft/world/level/Level;Lnet/minecraft/core/BlockPos;II)Z: triggerEvent -> m_8133_
Conflicting propagated mapping for net/mcreator/foodexpirydate/block/entity/FoodDryingRackBlockEntity/getDefaultName()Lnet/minecraft/network/chat/Component; from net/minecraft/world/level/block/entity/BaseContainerBlockEntity/getDefaultName()Lnet/minecraft/network/chat/Component;: getDefaultName -> m_6820_
Conflicting propagated mapping for net/mcreator/foodexpirydate/block/FoodDryingRackBlock/use(Lnet/minecraft/world/level/block/state/BlockState;Lnet/minecraft/world/level/Level;Lnet/minecraft/core/BlockPos;Lnet/minecraft/world/entity/player/Player;Lnet/minecraft/world/InteractionHand;Lnet/minecraft/world/phys/BlockHitResult;)Lnet/minecraft/world/InteractionResult; from net/minecraft/world/level/block/state/BlockBehaviour/use(Lnet/minecraft/world/level/block/state/BlockState;Lnet/minecraft/world/level/Level;Lnet/minecraft/core/BlockPos;Lnet/minecraft/world/entity/player/Player;Lnet/minecraft/world/InteractionHand;Lnet/minecraft/world/phys/BlockHitResult;)Lnet/minecraft/world/InteractionResult;: use -> m_6227_
Conflicting propagated mapping for net/mcreator/foodexpirydate/block/entity/FreezerBlockEntity/canPlaceItem(ILnet/minecraft/world/item/ItemStack;)Z from net/minecraft/world/Container/canPlaceItem(ILnet/minecraft/world/item/ItemStack;)Z: canPlaceItem -> m_7013_
Conflicting propagated mapping for net/mcreator/foodexpirydate/block/FoodDryingRackBlock/newBlockEntity(Lnet/minecraft/core/BlockPos;Lnet/minecraft/world/level/block/state/BlockState;)Lnet/minecraft/world/level/block/entity/BlockEntity; from net/minecraft/world/level/block/EntityBlock/newBlockEntity(Lnet/minecraft/core/BlockPos;Lnet/minecraft/world/level/block/state/BlockState;)Lnet/minecraft/world/level/block/entity/BlockEntity;: newBlockEntity -> m_142194_
Conflicting propagated mapping for net/mcreator/foodexpirydate/block/FreezerBlock/getStateForPlacement(Lnet/minecraft/world/item/context/BlockPlaceContext;)Lnet/minecraft/world/level/block/state/BlockState; from net/minecraft/world/level/block/Block/getStateForPlacement(Lnet/minecraft/world/item/context/BlockPlaceContext;)Lnet/minecraft/world/level/block/state/BlockState;: getStateForPlacement -> m_5573_
Conflicting propagated mapping for net/mcreator/foodexpirydate/block/entity/FoodDryingRackBlockEntity/getContainerSize()I from net/minecraft/world/Container/getContainerSize()I: getContainerSize -> m_6643_
Conflicting propagated mapping for net/mcreator/foodexpirydate/block/entity/FreezerBlockEntity/getDefaultName()Lnet/minecraft/network/chat/Component; from net/minecraft/world/level/block/entity/BaseContainerBlockEntity/getDefaultName()Lnet/minecraft/network/chat/Component;: getDefaultName -> m_6820_
Conflicting propagated mapping for net/mcreator/foodexpirydate/block/entity/FreezerBlockEntity/getContainerSize()I from net/minecraft/world/Container/getContainerSize()I: getContainerSize -> m_6643_
Conflicting propagated mapping for net/mcreator/foodexpirydate/block/FreezerBlock/getVisualShape(Lnet/minecraft/world/level/block/state/BlockState;Lnet/minecraft/world/level/BlockGetter;Lnet/minecraft/core/BlockPos;Lnet/minecraft/world/phys/shapes/CollisionContext;)Lnet/minecraft/world/phys/shapes/VoxelShape; from net/minecraft/world/level/block/state/BlockBehaviour/getVisualShape(Lnet/minecraft/world/level/block/state/BlockState;Lnet/minecraft/world/level/BlockGetter;Lnet/minecraft/core/BlockPos;Lnet/minecraft/world/phys/shapes/CollisionContext;)Lnet/minecraft/world/phys/shapes/VoxelShape;: getVisualShape -> m_5909_
Conflicting propagated mapping for net/mcreator/foodexpirydate/block/FreezerBlock/propagatesSkylightDown(Lnet/minecraft/world/level/block/state/BlockState;Lnet/minecraft/world/level/BlockGetter;Lnet/minecraft/core/BlockPos;)Z from net/minecraft/world/level/block/Block/propagatesSkylightDown(Lnet/minecraft/world/level/block/state/BlockState;Lnet/minecraft/world/level/BlockGetter;Lnet/minecraft/core/BlockPos;)Z: propagatesSkylightDown -> m_7420_
Conflicting propagated mapping for net/mcreator/foodexpirydate/block/entity/FreezerBlockEntity/getItems()Lnet/minecraft/core/NonNullList; from net/minecraft/world/level/block/entity/RandomizableContainerBlockEntity/getItems()Lnet/minecraft/core/NonNullList;: getItems -> m_7086_
Conflicting propagated mapping for net/mcreator/foodexpirydate/block/entity/FreezerBlockEntity/createMenu(ILnet/minecraft/world/entity/player/Inventory;)Lnet/minecraft/world/inventory/AbstractContainerMenu; from net/minecraft/world/level/block/entity/BaseContainerBlockEntity/createMenu(ILnet/minecraft/world/entity/player/Inventory;)Lnet/minecraft/world/inventory/AbstractContainerMenu;: createMenu -> m_6555_
Conflicting propagated mapping for net/mcreator/foodexpirydate/block/entity/FoodDryingRackBlockEntity/getItems()Lnet/minecraft/core/NonNullList; from net/minecraft/world/level/block/entity/RandomizableContainerBlockEntity/getItems()Lnet/minecraft/core/NonNullList;: getItems -> m_7086_
Conflicting propagated mapping for net/mcreator/foodexpirydate/block/entity/FreezerBlockEntity/setItems(Lnet/minecraft/core/NonNullList;)V from net/minecraft/world/level/block/entity/RandomizableContainerBlockEntity/setItems(Lnet/minecraft/core/NonNullList;)V: setItems -> m_6520_
Conflicting propagated mapping for net/mcreator/foodexpirydate/block/entity/FoodDryingRackBlockEntity/createMenu(ILnet/minecraft/world/entity/player/Inventory;)Lnet/minecraft/world/inventory/AbstractContainerMenu; from net/minecraft/world/level/block/entity/BaseContainerBlockEntity/createMenu(ILnet/minecraft/world/entity/player/Inventory;)Lnet/minecraft/world/inventory/AbstractContainerMenu;: createMenu -> m_6555_
Conflicting propagated mapping for net/mcreator/foodexpirydate/block/entity/FoodDryingRackBlockEntity/setItems(Lnet/minecraft/core/NonNullList;)V from net/minecraft/world/level/block/entity/RandomizableContainerBlockEntity/setItems(Lnet/minecraft/core/NonNullList;)V: setItems -> m_6520_
Conflicting propagated mapping for net/mcreator/foodexpirydate/block/FreezerBlock/getMenuProvider(Lnet/minecraft/world/level/block/state/BlockState;Lnet/minecraft/world/level/Level;Lnet/minecraft/core/BlockPos;)Lnet/minecraft/world/MenuProvider; from net/minecraft/world/level/block/state/BlockBehaviour/getMenuProvider(Lnet/minecraft/world/level/block/state/BlockState;Lnet/minecraft/world/level/Level;Lnet/minecraft/core/BlockPos;)Lnet/minecraft/world/MenuProvider;: getMenuProvider -> m_7246_
Conflicting propagated mapping for net/mcreator/foodexpirydate/block/entity/FreezerBlockEntity/setRemoved()V from net/minecraft/world/level/block/entity/BlockEntity/setRemoved()V: setRemoved -> m_7651_
Conflicting propagated mapping for net/mcreator/foodexpirydate/block/entity/FoodDryingRackBlockEntity/setRemoved()V from net/minecraft/world/level/block/entity/BlockEntity/setRemoved()V: setRemoved -> m_7651_
Conflicting propagated mapping for net/mcreator/foodexpirydate/block/FreezerBlock/getFluidState(Lnet/minecraft/world/level/block/state/BlockState;)Lnet/minecraft/world/level/material/FluidState; from net/minecraft/world/level/block/state/BlockBehaviour/getFluidState(Lnet/minecraft/world/level/block/state/BlockState;)Lnet/minecraft/world/level/material/FluidState;: getFluidState -> m_5888_
Conflicting propagated mapping for net/mcreator/foodexpirydate/block/entity/FreezerBlockEntity/getMaxStackSize()I from net/minecraft/world/Container/getMaxStackSize()I: getMaxStackSize -> m_6893_
Conflicting propagated mapping for net/mcreator/foodexpirydate/block/entity/FoodDryingRackBlockEntity/getMaxStackSize()I from net/minecraft/world/Container/getMaxStackSize()I: getMaxStackSize -> m_6893_
Conflicting propagated mapping for net/mcreator/foodexpirydate/block/FreezerBlock/getAnalogOutputSignal(Lnet/minecraft/world/level/block/state/BlockState;Lnet/minecraft/world/level/Level;Lnet/minecraft/core/BlockPos;)I from net/minecraft/world/level/block/state/BlockBehaviour/getAnalogOutputSignal(Lnet/minecraft/world/level/block/state/BlockState;Lnet/minecraft/world/level/Level;Lnet/minecraft/core/BlockPos;)I: getAnalogOutputSignal -> m_6782_
Conflicting propagated mapping for net/mcreator/foodexpirydate/block/entity/FreezerBlockEntity/getDisplayName()Lnet/minecraft/network/chat/Component; from net/minecraft/world/level/block/entity/BaseContainerBlockEntity/getDisplayName()Lnet/minecraft/network/chat/Component;: getDisplayName -> m_5446_
Conflicting propagated mapping for net/mcreator/foodexpirydate/block/entity/FoodDryingRackBlockEntity/getDisplayName()Lnet/minecraft/network/chat/Component; from net/minecraft/world/level/block/entity/BaseContainerBlockEntity/getDisplayName()Lnet/minecraft/network/chat/Component;: getDisplayName -> m_5446_
Conflicting propagated mapping for net/mcreator/foodexpirydate/block/entity/FreezerBlockEntity/canPlaceItemThroughFace(ILnet/minecraft/world/item/ItemStack;Lnet/minecraft/core/Direction;)Z from net/minecraft/world/WorldlyContainer/canPlaceItemThroughFace(ILnet/minecraft/world/item/ItemStack;Lnet/minecraft/core/Direction;)Z: canPlaceItemThroughFace -> m_7155_
Conflicting propagated mapping for net/mcreator/foodexpirydate/block/entity/FoodDryingRackBlockEntity/canPlaceItemThroughFace(ILnet/minecraft/world/item/ItemStack;Lnet/minecraft/core/Direction;)Z from net/minecraft/world/WorldlyContainer/canPlaceItemThroughFace(ILnet/minecraft/world/item/ItemStack;Lnet/minecraft/core/Direction;)Z: canPlaceItemThroughFace -> m_7155_
Conflicting propagated mapping for net/mcreator/foodexpirydate/block/FreezerBlock/mirror(Lnet/minecraft/world/level/block/state/BlockState;Lnet/minecraft/world/level/block/Mirror;)Lnet/minecraft/world/level/block/state/BlockState; from net/minecraft/world/level/block/state/BlockBehaviour/mirror(Lnet/minecraft/world/level/block/state/BlockState;Lnet/minecraft/world/level/block/Mirror;)Lnet/minecraft/world/level/block/state/BlockState;: mirror -> m_6943_
Conflicting propagated mapping for net/mcreator/foodexpirydate/block/entity/FreezerBlockEntity/getSlotsForFace(Lnet/minecraft/core/Direction;)[I from net/minecraft/world/WorldlyContainer/getSlotsForFace(Lnet/minecraft/core/Direction;)[I: getSlotsForFace -> m_7071_
Conflicting propagated mapping for net/mcreator/foodexpirydate/block/entity/FoodDryingRackBlockEntity/getSlotsForFace(Lnet/minecraft/core/Direction;)[I from net/minecraft/world/WorldlyContainer/getSlotsForFace(Lnet/minecraft/core/Direction;)[I: getSlotsForFace -> m_7071_
Conflicting propagated mapping for net/mcreator/foodexpirydate/world/inventory/FreezerGUIMenu/moveItemStackTo(Lnet/minecraft/world/item/ItemStack;IIZ)Z from net/minecraft/world/inventory/AbstractContainerMenu/moveItemStackTo(Lnet/minecraft/world/item/ItemStack;IIZ)Z: moveItemStackTo -> m_38903_
Conflicting propagated mapping for net/mcreator/foodexpirydate/block/FreezerBlock/getLightBlock(Lnet/minecraft/world/level/block/state/BlockState;Lnet/minecraft/world/level/BlockGetter;Lnet/minecraft/core/BlockPos;)I from net/minecraft/world/level/block/state/BlockBehaviour/getLightBlock(Lnet/minecraft/world/level/block/state/BlockState;Lnet/minecraft/world/level/BlockGetter;Lnet/minecraft/core/BlockPos;)I: getLightBlock -> m_7753_
Conflicting propagated mapping for net/mcreator/foodexpirydate/world/inventory/FoodDryingRackGUIMenu/moveItemStackTo(Lnet/minecraft/world/item/ItemStack;IIZ)Z from net/minecraft/world/inventory/AbstractContainerMenu/moveItemStackTo(Lnet/minecraft/world/item/ItemStack;IIZ)Z: moveItemStackTo -> m_38903_
Conflicting propagated mapping for net/mcreator/foodexpirydate/block/entity/FreezerBlockEntity/canTakeItemThroughFace(ILnet/minecraft/world/item/ItemStack;Lnet/minecraft/core/Direction;)Z from net/minecraft/world/WorldlyContainer/canTakeItemThroughFace(ILnet/minecraft/world/item/ItemStack;Lnet/minecraft/core/Direction;)Z: canTakeItemThroughFace -> m_7157_
Conflicting propagated mapping for net/mcreator/foodexpirydate/block/entity/FoodDryingRackBlockEntity/canTakeItemThroughFace(ILnet/minecraft/world/item/ItemStack;Lnet/minecraft/core/Direction;)Z from net/minecraft/world/WorldlyContainer/canTakeItemThroughFace(ILnet/minecraft/world/item/ItemStack;Lnet/minecraft/core/Direction;)Z: canTakeItemThroughFace -> m_7157_
Conflicting propagated mapping for net/mcreator/foodexpirydate/world/inventory/FreezerGUIMenu/removed(Lnet/minecraft/world/entity/player/Player;)V from net/minecraft/world/inventory/AbstractContainerMenu/removed(Lnet/minecraft/world/entity/player/Player;)V: removed -> m_6877_
Conflicting propagated mapping for net/mcreator/foodexpirydate/block/FreezerBlock/updateShape(Lnet/minecraft/world/level/block/state/BlockState;Lnet/minecraft/core/Direction;Lnet/minecraft/world/level/block/state/BlockState;Lnet/minecraft/world/level/LevelAccessor;Lnet/minecraft/core/BlockPos;Lnet/minecraft/core/BlockPos;)Lnet/minecraft/world/level/block/state/BlockState; from net/minecraft/world/level/block/state/BlockBehaviour/updateShape(Lnet/minecraft/world/level/block/state/BlockState;Lnet/minecraft/core/Direction;Lnet/minecraft/world/level/block/state/BlockState;Lnet/minecraft/world/level/LevelAccessor;Lnet/minecraft/core/BlockPos;Lnet/minecraft/core/BlockPos;)Lnet/minecraft/world/level/block/state/BlockState;: updateShape -> m_7417_
Conflicting propagated mapping for net/mcreator/foodexpirydate/world/inventory/FoodDryingRackGUIMenu/removed(Lnet/minecraft/world/entity/player/Player;)V from net/minecraft/world/inventory/AbstractContainerMenu/removed(Lnet/minecraft/world/entity/player/Player;)V: removed -> m_6877_
Conflicting propagated mapping for net/mcreator/foodexpirydate/world/inventory/FreezerGUIMenu/stillValid(Lnet/minecraft/world/entity/player/Player;)Z from net/minecraft/world/inventory/AbstractContainerMenu/stillValid(Lnet/minecraft/world/entity/player/Player;)Z: stillValid -> m_6875_
Conflicting propagated mapping for net/mcreator/foodexpirydate/block/FreezerBlock/getShape(Lnet/minecraft/world/level/block/state/BlockState;Lnet/minecraft/world/level/BlockGetter;Lnet/minecraft/core/BlockPos;Lnet/minecraft/world/phys/shapes/CollisionContext;)Lnet/minecraft/world/phys/shapes/VoxelShape; from net/minecraft/world/level/block/state/BlockBehaviour/getShape(Lnet/minecraft/world/level/block/state/BlockState;Lnet/minecraft/world/level/BlockGetter;Lnet/minecraft/core/BlockPos;Lnet/minecraft/world/phys/shapes/CollisionContext;)Lnet/minecraft/world/phys/shapes/VoxelShape;: getShape -> m_5940_
Conflicting propagated mapping for net/mcreator/foodexpirydate/world/inventory/FoodDryingRackGUIMenu/stillValid(Lnet/minecraft/world/entity/player/Player;)Z from net/minecraft/world/inventory/AbstractContainerMenu/stillValid(Lnet/minecraft/world/entity/player/Player;)Z: stillValid -> m_6875_
Conflicting propagated mapping for net/mcreator/foodexpirydate/world/inventory/FreezerGUIMenu/quickMoveStack(Lnet/minecraft/world/entity/player/Player;I)Lnet/minecraft/world/item/ItemStack; from net/minecraft/world/inventory/AbstractContainerMenu/quickMoveStack(Lnet/minecraft/world/entity/player/Player;I)Lnet/minecraft/world/item/ItemStack;: quickMoveStack -> m_7648_
Conflicting propagated mapping for net/mcreator/foodexpirydate/block/FreezerBlock/hasAnalogOutputSignal(Lnet/minecraft/world/level/block/state/BlockState;)Z from net/minecraft/world/level/block/state/BlockBehaviour/hasAnalogOutputSignal(Lnet/minecraft/world/level/block/state/BlockState;)Z: hasAnalogOutputSignal -> m_7278_
Conflicting propagated mapping for net/mcreator/foodexpirydate/world/inventory/FoodDryingRackGUIMenu/quickMoveStack(Lnet/minecraft/world/entity/player/Player;I)Lnet/minecraft/world/item/ItemStack; from net/minecraft/world/inventory/AbstractContainerMenu/quickMoveStack(Lnet/minecraft/world/entity/player/Player;I)Lnet/minecraft/world/item/ItemStack;: quickMoveStack -> m_7648_
Conflicting propagated mapping for net/mcreator/foodexpirydate/block/FreezerBlock/createBlockStateDefinition(Lnet/minecraft/world/level/block/state/StateDefinition$Builder;)V from net/minecraft/world/level/block/Block/createBlockStateDefinition(Lnet/minecraft/world/level/block/state/StateDefinition$Builder;)V: createBlockStateDefinition -> m_7926_
Conflicting propagated mapping for net/mcreator/foodexpirydate/block/FreezerBlock/use(Lnet/minecraft/world/level/block/state/BlockState;Lnet/minecraft/world/level/Level;Lnet/minecraft/core/BlockPos;Lnet/minecraft/world/entity/player/Player;Lnet/minecraft/world/InteractionHand;Lnet/minecraft/world/phys/BlockHitResult;)Lnet/minecraft/world/InteractionResult; from net/minecraft/world/level/block/state/BlockBehaviour/use(Lnet/minecraft/world/level/block/state/BlockState;Lnet/minecraft/world/level/Level;Lnet/minecraft/core/BlockPos;Lnet/minecraft/world/entity/player/Player;Lnet/minecraft/world/InteractionHand;Lnet/minecraft/world/phys/BlockHitResult;)Lnet/minecraft/world/InteractionResult;: use -> m_6227_
Conflicting propagated mapping for net/mcreator/foodexpirydate/block/FreezerBlock/newBlockEntity(Lnet/minecraft/core/BlockPos;Lnet/minecraft/world/level/block/state/BlockState;)Lnet/minecraft/world/level/block/entity/BlockEntity; from net/minecraft/world/level/block/EntityBlock/newBlockEntity(Lnet/minecraft/core/BlockPos;Lnet/minecraft/world/level/block/state/BlockState;)Lnet/minecraft/world/level/block/entity/BlockEntity;: newBlockEntity -> m_142194_
Conflicting propagated mapping for net/mcreator/foodexpirydate/block/DeadCropsBlock/getEffectDuration()I from net/minecraft/world/level/block/FlowerBlock/getEffectDuration()I: getEffectDuration -> m_53522_
Conflicting propagated mapping for net/mcreator/foodexpirydate/block/DeadCropsBlock/getStateForPlacement(Lnet/minecraft/world/item/context/BlockPlaceContext;)Lnet/minecraft/world/level/block/state/BlockState; from net/minecraft/world/level/block/Block/getStateForPlacement(Lnet/minecraft/world/item/context/BlockPlaceContext;)Lnet/minecraft/world/level/block/state/BlockState;: getStateForPlacement -> m_5573_
Conflicting propagated mapping for net/mcreator/foodexpirydate/block/DeadCropsBlock/mayPlaceOn(Lnet/minecraft/world/level/block/state/BlockState;Lnet/minecraft/world/level/BlockGetter;Lnet/minecraft/core/BlockPos;)Z from net/minecraft/world/level/block/BushBlock/mayPlaceOn(Lnet/minecraft/world/level/block/state/BlockState;Lnet/minecraft/world/level/BlockGetter;Lnet/minecraft/core/BlockPos;)Z: mayPlaceOn -> m_6266_
Conflicting propagated mapping for net/mcreator/foodexpirydate/block/DeadCropsBlock/canSurvive(Lnet/minecraft/world/level/block/state/BlockState;Lnet/minecraft/world/level/LevelReader;Lnet/minecraft/core/BlockPos;)Z from net/minecraft/world/level/block/BushBlock/canSurvive(Lnet/minecraft/world/level/block/state/BlockState;Lnet/minecraft/world/level/LevelReader;Lnet/minecraft/core/BlockPos;)Z: canSurvive -> m_7898_
Conflicting propagated mapping for net/mcreator/foodexpirydate/block/DeadCropsBlock/getFluidState(Lnet/minecraft/world/level/block/state/BlockState;)Lnet/minecraft/world/level/material/FluidState; from net/minecraft/world/level/block/state/BlockBehaviour/getFluidState(Lnet/minecraft/world/level/block/state/BlockState;)Lnet/minecraft/world/level/material/FluidState;: getFluidState -> m_5888_
Conflicting propagated mapping for net/mcreator/foodexpirydate/block/DeadCropsBlock/updateShape(Lnet/minecraft/world/level/block/state/BlockState;Lnet/minecraft/core/Direction;Lnet/minecraft/world/level/block/state/BlockState;Lnet/minecraft/world/level/LevelAccessor;Lnet/minecraft/core/BlockPos;Lnet/minecraft/core/BlockPos;)Lnet/minecraft/world/level/block/state/BlockState; from net/minecraft/world/level/block/BushBlock/updateShape(Lnet/minecraft/world/level/block/state/BlockState;Lnet/minecraft/core/Direction;Lnet/minecraft/world/level/block/state/BlockState;Lnet/minecraft/world/level/LevelAccessor;Lnet/minecraft/core/BlockPos;Lnet/minecraft/core/BlockPos;)Lnet/minecraft/world/level/block/state/BlockState;: updateShape -> m_7417_
Conflicting propagated mapping for net/mcreator/foodexpirydate/block/DeadCropsBlock/getShape(Lnet/minecraft/world/level/block/state/BlockState;Lnet/minecraft/world/level/BlockGetter;Lnet/minecraft/core/BlockPos;Lnet/minecraft/world/phys/shapes/CollisionContext;)Lnet/minecraft/world/phys/shapes/VoxelShape; from net/minecraft/world/level/block/FlowerBlock/getShape(Lnet/minecraft/world/level/block/state/BlockState;Lnet/minecraft/world/level/BlockGetter;Lnet/minecraft/core/BlockPos;Lnet/minecraft/world/phys/shapes/CollisionContext;)Lnet/minecraft/world/phys/shapes/VoxelShape;: getShape -> m_5940_
Conflicting propagated mapping for net/mcreator/foodexpirydate/block/DeadCropsBlock/createBlockStateDefinition(Lnet/minecraft/world/level/block/state/StateDefinition$Builder;)V from net/minecraft/world/level/block/Block/createBlockStateDefinition(Lnet/minecraft/world/level/block/state/StateDefinition$Builder;)V: createBlockStateDefinition -> m_7926_
Conflicting propagated mapping for net/mcreator/foodexpirydate/network/FoodExpiryDateModVariables$MapVariables/save(Lnet/minecraft/nbt/CompoundTag;)Lnet/minecraft/nbt/CompoundTag; from net/minecraft/world/level/saveddata/SavedData/save(Lnet/minecraft/nbt/CompoundTag;)Lnet/minecraft/nbt/CompoundTag;: save -> m_7176_
Conflicting propagated mapping for net/mcreator/foodexpirydate/network/FoodExpiryDateModVariables$WorldVariables/save(Lnet/minecraft/nbt/CompoundTag;)Lnet/minecraft/nbt/CompoundTag; from net/minecraft/world/level/saveddata/SavedData/save(Lnet/minecraft/nbt/CompoundTag;)Lnet/minecraft/nbt/CompoundTag;: save -> m_7176_
Conflicting propagated mapping for net/mcreator/foodexpirydate/potion/FoodPoisoningMobEffect/isDurationEffectTick(II)Z from net/minecraft/world/effect/MobEffect/isDurationEffectTick(II)Z: isDurationEffectTick -> m_6584_
Conflicting propagated mapping for net/mcreator/foodexpirydate/potion/FoodPoisoningMobEffect/addAttributeModifiers(Lnet/minecraft/world/entity/LivingEntity;Lnet/minecraft/world/entity/ai/attributes/AttributeMap;I)V from net/minecraft/world/effect/MobEffect/addAttributeModifiers(Lnet/minecraft/world/entity/LivingEntity;Lnet/minecraft/world/entity/ai/attributes/AttributeMap;I)V: addAttributeModifiers -> m_6385_
Conflicting propagated mapping for net/minecraftforge/event/BuildCreativeModeTabContentsEvent/accept(Lnet/minecraft/world/item/ItemStack;Lnet/minecraft/world/item/CreativeModeTab$TabVisibility;)V from net/minecraft/world/item/CreativeModeTab$Output/accept(Lnet/minecraft/world/item/ItemStack;Lnet/minecraft/world/item/CreativeModeTab$TabVisibility;)V: accept -> m_246267_
Conflicting propagated mapping for net/minecraft/world/entity/LivingEntity/lambda$addAdditionalSaveData$3(Lnet/minecraft/nbt/CompoundTag;Lnet/minecraft/nbt/Tag;)V from net/minecraft/world/entity/player/Player/lambda$addAdditionalSaveData$3(Lnet/minecraft/nbt/CompoundTag;Lnet/minecraft/nbt/Tag;)V: lambda$addAdditionalSaveData$3 -> m_219754_
Conflicting propagated mapping for net/minecraftforge/network/IContainerFactory/create(ILnet/minecraft/world/entity/player/Inventory;)Lnet/minecraft/world/inventory/AbstractContainerMenu; from net/minecraft/world/inventory/MenuType$MenuSupplier/create(ILnet/minecraft/world/entity/player/Inventory;)Lnet/minecraft/world/inventory/AbstractContainerMenu;: create -> m_39994_
Conflicting propagated mapping for net/minecraftforge/items/SlotItemHandler/set(Lnet/minecraft/world/item/ItemStack;)V from net/minecraft/world/inventory/Slot/set(Lnet/minecraft/world/item/ItemStack;)V: set -> m_5852_
Conflicting propagated mapping for net/minecraftforge/items/SlotItemHandler/mayPlace(Lnet/minecraft/world/item/ItemStack;)Z from net/minecraft/world/inventory/Slot/mayPlace(Lnet/minecraft/world/item/ItemStack;)Z: mayPlace -> m_5857_
Conflicting propagated mapping for net/minecraftforge/items/SlotItemHandler/remove(I)Lnet/minecraft/world/item/ItemStack; from net/minecraft/world/inventory/Slot/remove(I)Lnet/minecraft/world/item/ItemStack;: remove -> m_6201_
Conflicting propagated mapping for net/minecraftforge/items/SlotItemHandler/onQuickCraft(Lnet/minecraft/world/item/ItemStack;Lnet/minecraft/world/item/ItemStack;)V from net/minecraft/world/inventory/Slot/onQuickCraft(Lnet/minecraft/world/item/ItemStack;Lnet/minecraft/world/item/ItemStack;)V: onQuickCraft -> m_40234_
Conflicting propagated mapping for net/minecraftforge/items/SlotItemHandler/getItem()Lnet/minecraft/world/item/ItemStack; from net/minecraft/world/inventory/Slot/getItem()Lnet/minecraft/world/item/ItemStack;: getItem -> m_7993_
Conflicting propagated mapping for net/minecraftforge/items/SlotItemHandler/getMaxStackSize(Lnet/minecraft/world/item/ItemStack;)I from net/minecraft/world/inventory/Slot/getMaxStackSize(Lnet/minecraft/world/item/ItemStack;)I: getMaxStackSize -> m_5866_
Conflicting propagated mapping for net/minecraftforge/items/SlotItemHandler/mayPickup(Lnet/minecraft/world/entity/player/Player;)Z from net/minecraft/world/inventory/Slot/mayPickup(Lnet/minecraft/world/entity/player/Player;)Z: mayPickup -> m_8010_
Conflicting propagated mapping for net/minecraftforge/items/SlotItemHandler/getMaxStackSize()I from net/minecraft/world/inventory/Slot/getMaxStackSize()I: getMaxStackSize -> m_6641_
Conflicting propagated mapping for net/minecraftforge/common/util/FakePlayer/isInvulnerableTo(Lnet/minecraft/world/damagesource/DamageSource;)Z from net/minecraft/server/level/ServerPlayer/isInvulnerableTo(Lnet/minecraft/world/damagesource/DamageSource;)Z: isInvulnerableTo -> m_6673_
Conflicting propagated mapping for net/minecraftforge/common/util/FakePlayer/canHarmPlayer(Lnet/minecraft/world/entity/player/Player;)Z from net/minecraft/server/level/ServerPlayer/canHarmPlayer(Lnet/minecraft/world/entity/player/Player;)Z: canHarmPlayer -> m_7099_
Conflicting propagated mapping for net/minecraftforge/common/util/FakePlayer/updateOptions(Lnet/minecraft/network/protocol/game/ServerboundClientInformationPacket;)V from net/minecraft/server/level/ServerPlayer/updateOptions(Lnet/minecraft/network/protocol/game/ServerboundClientInformationPacket;)V: updateOptions -> m_9156_
Conflicting propagated mapping for net/minecraftforge/common/util/FakePlayer/displayClientMessage(Lnet/minecraft/network/chat/Component;Z)V from net/minecraft/server/level/ServerPlayer/displayClientMessage(Lnet/minecraft/network/chat/Component;Z)V: displayClientMessage -> m_5661_
Conflicting propagated mapping for net/minecraftforge/common/util/FakePlayer/die(Lnet/minecraft/world/damagesource/DamageSource;)V from net/minecraft/server/level/ServerPlayer/die(Lnet/minecraft/world/damagesource/DamageSource;)V: die -> m_6667_
Conflicting propagated mapping for net/minecraftforge/common/util/FakePlayer/tick()V from net/minecraft/server/level/ServerPlayer/tick()V: tick -> m_8119_
Conflicting propagated mapping for net/minecraftforge/common/util/FakePlayer/getServer()Lnet/minecraft/server/MinecraftServer; from net/minecraft/world/entity/Entity/getServer()Lnet/minecraft/server/MinecraftServer;: getServer -> m_20194_
Conflicting propagated mapping for net/minecraftforge/common/util/FakePlayer/awardStat(Lnet/minecraft/stats/Stat;I)V from net/minecraft/server/level/ServerPlayer/awardStat(Lnet/minecraft/stats/Stat;I)V: awardStat -> m_6278_
Adding extras
Sorting
Writing Output: C:\Users\chris\MCreatorWorkspaces\FoodExpiryDate\build\libs\modid-1.0.jar
  META-INF/
  META-INF/MANIFEST.MF
  META-INF/mods.toml
  assets/
  assets/food_expiry_date/
  assets/food_expiry_date/blockstates/
  assets/food_expiry_date/blockstates/dead_crops.json
  assets/food_expiry_date/blockstates/food_drying_rack.json
  assets/food_expiry_date/blockstates/freezer.json
  assets/food_expiry_date/blockstates/moldy_block.json
  assets/food_expiry_date/lang/
  assets/food_expiry_date/lang/en_us.json
  assets/food_expiry_date/models/
  assets/food_expiry_date/models/block/
  assets/food_expiry_date/models/block/dead_crops.json
  assets/food_expiry_date/models/block/food_drying_rack.json
  assets/food_expiry_date/models/block/freezer.json
  assets/food_expiry_date/models/block/moldy_block.json
  assets/food_expiry_date/models/custom/
  assets/food_expiry_date/models/custom/drying_rack.json
  assets/food_expiry_date/models/custom/freezer.json
  assets/food_expiry_date/models/item/
  assets/food_expiry_date/models/item/carrot_seeds.json
  assets/food_expiry_date/models/item/dead_crops.json
  assets/food_expiry_date/models/item/drying_rack.mtl
  assets/food_expiry_date/models/item/drying_rack.obj
  assets/food_expiry_date/models/item/food_drying_rack.json
  assets/food_expiry_date/models/item/freezer.json
  assets/food_expiry_date/models/item/moldy_block.json
  assets/food_expiry_date/models/item/moldy_food.json
  assets/food_expiry_date/models/item/moldy_milk.json
  assets/food_expiry_date/models/item/potato_seeds.json
  assets/food_expiry_date/textures/
  assets/food_expiry_date/textures/block/
  assets/food_expiry_date/textures/block/dead_crops.png
  assets/food_expiry_date/textures/block/drying_rack.png
  assets/food_expiry_date/textures/block/freezer.png
  assets/food_expiry_date/textures/block/moldy_block.png
  assets/food_expiry_date/textures/item/
  assets/food_expiry_date/textures/item/carrot_seeds.png
  assets/food_expiry_date/textures/item/food_drying_rack_item.png
  assets/food_expiry_date/textures/item/moldy_food.png
  assets/food_expiry_date/textures/item/moldy_milk.png
  assets/food_expiry_date/textures/item/potato_seeds.png
  assets/food_expiry_date/textures/mob_effect/
  assets/food_expiry_date/textures/mob_effect/food_poisoning.png
  assets/food_expiry_date/textures/screens/
  assets/food_expiry_date/textures/screens/food_drying_rack_gui.png
  assets/food_expiry_date/textures/screens/freezer_gui.png
  data/
  data/food_expiry_date/
  data/food_expiry_date/advancements/
  data/food_expiry_date/advancements/crafting_a_freezer.json
  data/food_expiry_date/advancements/crafting_drying_rack.json
  data/food_expiry_date/advancements/that_did_not_last_long.json
  data/food_expiry_date/damage_type/
  data/food_expiry_date/damage_type/food_poisoning_damage.json
  data/food_expiry_date/loot_tables/
  data/food_expiry_date/loot_tables/blocks/
  data/food_expiry_date/loot_tables/blocks/dead_crops.json
  data/food_expiry_date/loot_tables/blocks/moldy_block.json
  data/food_expiry_date/recipes/
  data/food_expiry_date/recipes/bucket.json
  data/food_expiry_date/recipes/carrot_seeds_recipe.json
  data/food_expiry_date/recipes/crafting_freezer.json
  data/food_expiry_date/recipes/food_drying_rack_recipe.json
  data/food_expiry_date/recipes/moldy_block_recipe.json
  data/food_expiry_date/recipes/moldy_food_recipe.json
  data/food_expiry_date/recipes/potato_seeds_recipe.json
  net/
  net/mcreator/
  net/mcreator/foodexpirydate/
  net/mcreator/foodexpirydate/CustomDisplayUtils.class
  net/mcreator/foodexpirydate/DisplayRegistry.class
  net/mcreator/foodexpirydate/ExpiryData.class
  net/mcreator/foodexpirydate/FoodExpiryDateMod.class
  net/mcreator/foodexpirydate/RegisterCompostables.class
  net/mcreator/foodexpirydate/SetFoodExpiryState.class
  net/mcreator/foodexpirydate/Settings$Common.class
  net/mcreator/foodexpirydate/Settings.class
  net/mcreator/foodexpirydate/ThingsThatCanExpire.class
  net/mcreator/foodexpirydate/block/
  net/mcreator/foodexpirydate/block/DeadCropsBlock.class
  net/mcreator/foodexpirydate/block/FoodDryingRackBlock$1.class
  net/mcreator/foodexpirydate/block/FoodDryingRackBlock.class
  net/mcreator/foodexpirydate/block/FreezerBlock$1.class
  net/mcreator/foodexpirydate/block/FreezerBlock$2.class
  net/mcreator/foodexpirydate/block/FreezerBlock.class
  net/mcreator/foodexpirydate/block/MoldyBlockBlock.class
  net/mcreator/foodexpirydate/block/entity/
  net/mcreator/foodexpirydate/block/entity/FoodDryingRackBlockEntity$1.class
  net/mcreator/foodexpirydate/block/entity/FoodDryingRackBlockEntity.class
  net/mcreator/foodexpirydate/block/entity/FreezerBlockEntity.class
  net/mcreator/foodexpirydate/client/
  net/mcreator/foodexpirydate/client/gui/
  net/mcreator/foodexpirydate/client/gui/FoodDryingRackGUIScreen.class
  net/mcreator/foodexpirydate/client/gui/FreezerGUIScreen.class
  net/mcreator/foodexpirydate/command/
  net/mcreator/foodexpirydate/command/GetDayCountCommand.class
  net/mcreator/foodexpirydate/init/
  net/mcreator/foodexpirydate/init/FoodExpiryDateModBlockEntities.class
  net/mcreator/foodexpirydate/init/FoodExpiryDateModBlocks.class
  net/mcreator/foodexpirydate/init/FoodExpiryDateModItems.class
  net/mcreator/foodexpirydate/init/FoodExpiryDateModMenus$MenuAccessor.class
  net/mcreator/foodexpirydate/init/FoodExpiryDateModMenus.class
  net/mcreator/foodexpirydate/init/FoodExpiryDateModMobEffects.class
  net/mcreator/foodexpirydate/init/FoodExpiryDateModScreens$ScreenAccessor.class
  net/mcreator/foodexpirydate/init/FoodExpiryDateModScreens.class
  net/mcreator/foodexpirydate/init/FoodExpiryDateModTabs.class
  net/mcreator/foodexpirydate/item/
  net/mcreator/foodexpirydate/item/CarrotSeedsItem.class
  net/mcreator/foodexpirydate/item/MoldyFoodItem.class
  net/mcreator/foodexpirydate/item/MoldyMilkItem.class
  net/mcreator/foodexpirydate/item/PotatoSeedsItem.class
  net/mcreator/foodexpirydate/network/
  net/mcreator/foodexpirydate/network/ClientSpawnHelper.class
  net/mcreator/foodexpirydate/network/FoodExpiryDateModVariables$EventBusVariableHandlers.class
  net/mcreator/foodexpirydate/network/FoodExpiryDateModVariables$MapVariables.class
  net/mcreator/foodexpirydate/network/FoodExpiryDateModVariables$SavedDataSyncMessage.class
  net/mcreator/foodexpirydate/network/FoodExpiryDateModVariables$WorldVariables.class
  net/mcreator/foodexpirydate/network/FoodExpiryDateModVariables.class
  net/mcreator/foodexpirydate/network/MenuStateUpdateMessage.class
  net/mcreator/foodexpirydate/network/NetworkHandler.class
  net/mcreator/foodexpirydate/network/SpawnDisplayPacket.class
  net/mcreator/foodexpirydate/potion/
  net/mcreator/foodexpirydate/potion/FoodPoisoningMobEffect.class
  net/mcreator/foodexpirydate/procedures/
  net/mcreator/foodexpirydate/procedures/DayCounterProcedure.class
  net/mcreator/foodexpirydate/procedures/DisplayDateOfRegistrationProcedureProcedure.class
  net/mcreator/foodexpirydate/procedures/FoodDryingRackProcedureProcedure.class
  net/mcreator/foodexpirydate/procedures/FoodExpiryDateForBlocksProcedure.class
  net/mcreator/foodexpirydate/procedures/FoodExpiryDateForInventoryProcedure.class
  net/mcreator/foodexpirydate/procedures/FoodExpiryDateForItemEntityProcedureProcedure.class
  net/mcreator/foodexpirydate/procedures/FoodPoisoningProcedureProcedure.class
  net/mcreator/foodexpirydate/procedures/FreezerBlockDestroyedByPlayerProcedure.class
  net/mcreator/foodexpirydate/procedures/GetDayCountProcedureProcedure.class
  net/mcreator/foodexpirydate/procedures/MoldyFoodPlayerFinishesUsingItemProcedure.class
  net/mcreator/foodexpirydate/procedures/MoldyMilkRightclickedProcedure.class
  net/mcreator/foodexpirydate/procedures/OnBlockBreakProcedure$Tombstone.class
  net/mcreator/foodexpirydate/procedures/OnBlockBreakProcedure.class
  net/mcreator/foodexpirydate/procedures/OnBlockPlaceProcedure$PendingEntry.class
  net/mcreator/foodexpirydate/procedures/OnBlockPlaceProcedure.class
  net/mcreator/foodexpirydate/procedures/OnChunkUnloadProcedure.class
  net/mcreator/foodexpirydate/procedures/OnPlayerSowingProcedure.class
  net/mcreator/foodexpirydate/procedures/UndergrowthCropsDropOverrideProcedure.class
  net/mcreator/foodexpirydate/world/
  net/mcreator/foodexpirydate/world/inventory/
  net/mcreator/foodexpirydate/world/inventory/FoodDryingRackGUIMenu$1.class
  net/mcreator/foodexpirydate/world/inventory/FoodDryingRackGUIMenu$2.class
  net/mcreator/foodexpirydate/world/inventory/FoodDryingRackGUIMenu$3.class
  net/mcreator/foodexpirydate/world/inventory/FoodDryingRackGUIMenu$4.class
  net/mcreator/foodexpirydate/world/inventory/FoodDryingRackGUIMenu$5.class
  net/mcreator/foodexpirydate/world/inventory/FoodDryingRackGUIMenu$6.class
  net/mcreator/foodexpirydate/world/inventory/FoodDryingRackGUIMenu$7.class
  net/mcreator/foodexpirydate/world/inventory/FoodDryingRackGUIMenu$8.class
  net/mcreator/foodexpirydate/world/inventory/FoodDryingRackGUIMenu$9.class
  net/mcreator/foodexpirydate/world/inventory/FoodDryingRackGUIMenu.class
  net/mcreator/foodexpirydate/world/inventory/FreezerGUIMenu$1.class
  net/mcreator/foodexpirydate/world/inventory/FreezerGUIMenu$10.class
  net/mcreator/foodexpirydate/world/inventory/FreezerGUIMenu$11.class
  net/mcreator/foodexpirydate/world/inventory/FreezerGUIMenu$12.class
  net/mcreator/foodexpirydate/world/inventory/FreezerGUIMenu$13.class
  net/mcreator/foodexpirydate/world/inventory/FreezerGUIMenu$14.class
  net/mcreator/foodexpirydate/world/inventory/FreezerGUIMenu$15.class
  net/mcreator/foodexpirydate/world/inventory/FreezerGUIMenu$16.class
  net/mcreator/foodexpirydate/world/inventory/FreezerGUIMenu$17.class
  net/mcreator/foodexpirydate/world/inventory/FreezerGUIMenu$18.class
  net/mcreator/foodexpirydate/world/inventory/FreezerGUIMenu$19.class
  net/mcreator/foodexpirydate/world/inventory/FreezerGUIMenu$2.class
  net/mcreator/foodexpirydate/world/inventory/FreezerGUIMenu$20.class
  net/mcreator/foodexpirydate/world/inventory/FreezerGUIMenu$21.class
  net/mcreator/foodexpirydate/world/inventory/FreezerGUIMenu$22.class
  net/mcreator/foodexpirydate/world/inventory/FreezerGUIMenu$23.class
  net/mcreator/foodexpirydate/world/inventory/FreezerGUIMenu$24.class
  net/mcreator/foodexpirydate/world/inventory/FreezerGUIMenu$25.class
  net/mcreator/foodexpirydate/world/inventory/FreezerGUIMenu$26.class
  net/mcreator/foodexpirydate/world/inventory/FreezerGUIMenu$27.class
  net/mcreator/foodexpirydate/world/inventory/FreezerGUIMenu$3.class
  net/mcreator/foodexpirydate/world/inventory/FreezerGUIMenu$4.class
  net/mcreator/foodexpirydate/world/inventory/FreezerGUIMenu$5.class
  net/mcreator/foodexpirydate/world/inventory/FreezerGUIMenu$6.class
  net/mcreator/foodexpirydate/world/inventory/FreezerGUIMenu$7.class
  net/mcreator/foodexpirydate/world/inventory/FreezerGUIMenu$8.class
  net/mcreator/foodexpirydate/world/inventory/FreezerGUIMenu$9.class
  net/mcreator/foodexpirydate/world/inventory/FreezerGUIMenu.class
  pack.mcmeta
